<?xml version="1.0" encoding="UTF-8"?>
<testng-results total="1" passed="1" failed="0" skipped="0">
  <reporter-output>
  </reporter-output>
  <suite started-at="2021-03-27T19:18:09Z" name="Default suite" finished-at="2021-03-27T19:18:36Z" duration-ms="27114">
    <groups>
    </groups>
    <test started-at="2021-03-27T19:18:09Z" name="Default test" finished-at="2021-03-27T19:18:36Z" duration-ms="27114">
      <class name="TestCases.Loginapplication">
        <test-method signature="Login()[pri:0, instance:TestCases.Loginapplication@295cf707]" started-at="2021-03-28T00:48:09Z" name="Login" finished-at="2021-03-28T00:48:36Z" duration-ms="27083" status="PASS">
          <reporter-output>
          </reporter-output>
        </test-method> <!-- Login -->
      </class> <!-- TestCases.Loginapplication -->
    </test> <!-- Default test -->
  </suite> <!-- Default suite -->
</testng-results>
